[    0.000000] Initializing cgroup subsys cpuset
[    0.000000] Initializing cgroup subsys cpu
[    0.000000] Initializing cgroup subsys cpuacct
[    0.000000] Linux version 4.4.0-190-generic (buildd@lcy01-amd64-026) (gcc version 5.4.0 20160609 (Ubuntu 5.4.0-6ubuntu1~16.04.12) ) #220-Ubuntu SMP Fri Aug 28 23:02:15 UTC 2020 (Ubuntu 4.4.0-190.220-generic 4.4.233)
[    0.000000] Command line: BOOT_IMAGE=/boot/vmlinuz-4.4.0-190-generic root=LABEL=cloudimg-rootfs ro console=tty1 console=ttyS0
[    0.000000] KERNEL supported cpus:
[    0.000000]   Intel GenuineIntel
[    0.000000]   AMD AuthenticAMD
[    0.000000]   Centaur CentaurHauls
[    0.000000] x86/fpu: xstate_offset[2]:  576, xstate_sizes[2]:  256
[    0.000000] x86/fpu: Supporting XSAVE feature 0x01: 'x87 floating point registers'
[    0.000000] x86/fpu: Supporting XSAVE feature 0x02: 'SSE registers'
[    0.000000] x86/fpu: Supporting XSAVE feature 0x04: 'AVX registers'
[    0.000000] x86/fpu: Enabled xstate features 0x7, context size is 832 bytes, using 'standard' format.
[    0.000000] e820: BIOS-provided physical RAM map:
[    0.000000] BIOS-e820: [mem 0x0000000000000000-0x000000000009fbff] usable
[    0.000000] BIOS-e820: [mem 0x000000000009fc00-0x000000000009ffff] reserved
[    0.000000] BIOS-e820: [mem 0x00000000000f0000-0x00000000000fffff] reserved
[    0.000000] BIOS-e820: [mem 0x0000000000100000-0x000000003ffeffff] usable
[    0.000000] BIOS-e820: [mem 0x000000003fff0000-0x000000003fffffff] ACPI data
[    0.000000] BIOS-e820: [mem 0x00000000fec00000-0x00000000fec00fff] reserved
[    0.000000] BIOS-e820: [mem 0x00000000fee00000-0x00000000fee00fff] reserved
[    0.000000] BIOS-e820: [mem 0x00000000fffc0000-0x00000000ffffffff] reserved
[    0.000000] NX (Execute Disable) protection: active
[    0.000000] SMBIOS 2.5 present.
[    0.000000] Hypervisor detected: KVM
[    0.000000] e820: last_pfn = 0x3fff0 max_arch_pfn = 0x400000000
[    0.000000] MTRR: Disabled
[    0.000000] x86/PAT: MTRRs disabled, skipping PAT initialization too.
[    0.000000] CPU MTRRs all blank - virtualized system.
[    0.000000] x86/PAT: Configuration [0-7]: WB  WT  UC- UC  WB  WT  UC- UC  
[    0.000000] found SMP MP-table at [mem 0x0009fff0-0x0009ffff] mapped at [ffff88000009fff0]
[    0.000000] Scanning 1 areas for low memory corruption
[    0.000000] RAMDISK: [mem 0x362e0000-0x37167fff]
[    0.000000] ACPI: Early table checksum verification disabled
[    0.000000] ACPI: RSDP 0x00000000000E0000 000024 (v02 VBOX  )
[    0.000000] ACPI: XSDT 0x000000003FFF0030 00003C (v01 VBOX   VBOXXSDT 00000001 ASL  00000061)
[    0.000000] ACPI: FACP 0x000000003FFF00F0 0000F4 (v04 VBOX   VBOXFACP 00000001 ASL  00000061)
[    0.000000] ACPI: DSDT 0x000000003FFF0470 002325 (v02 VBOX   VBOXBIOS 00000002 INTL 20100528)
[    0.000000] ACPI: FACS 0x000000003FFF0200 000040
[    0.000000] ACPI: FACS 0x000000003FFF0200 000040
[    0.000000] ACPI: APIC 0x000000003FFF0240 00005C (v02 VBOX   VBOXAPIC 00000001 ASL  00000061)
[    0.000000] ACPI: SSDT 0x000000003FFF02A0 0001CC (v01 VBOX   VBOXCPUT 00000002 INTL 20100528)
[    0.000000] No NUMA configuration found
[    0.000000] Faking a node at [mem 0x0000000000000000-0x000000003ffeffff]
[    0.000000] NODE_DATA(0) allocated [mem 0x3ffeb000-0x3ffeffff]
[    0.000000] kvm-clock: Using msrs 4b564d01 and 4b564d00
[    0.000000] kvm-clock: cpu 0, msr 0:3ffe3001, primary cpu clock
[    0.000000] kvm-clock: using sched offset of 4990470835 cycles
[    0.000000] clocksource: kvm-clock: mask: 0xffffffffffffffff max_cycles: 0x1cd42e4dffb, max_idle_ns: 881590591483 ns
[    0.000000] Zone ranges:
[    0.000000]   DMA      [mem 0x0000000000001000-0x0000000000ffffff]
[    0.000000]   DMA32    [mem 0x0000000001000000-0x000000003ffeffff]
[    0.000000]   Normal   empty
[    0.000000]   Device   empty
[    0.000000] Movable zone start for each node
[    0.000000] Early memory node ranges
[    0.000000]   node   0: [mem 0x0000000000001000-0x000000000009efff]
[    0.000000]   node   0: [mem 0x0000000000100000-0x000000003ffeffff]
[    0.000000] Initmem setup node 0 [mem 0x0000000000001000-0x000000003ffeffff]
[    0.000000] ACPI: PM-Timer IO Port: 0x4008
[    0.000000] IOAPIC[0]: apic_id 2, version 32, address 0xfec00000, GSI 0-23
[    0.000000] ACPI: INT_SRC_OVR (bus 0 bus_irq 0 global_irq 2 dfl dfl)
[    0.000000] ACPI: INT_SRC_OVR (bus 0 bus_irq 9 global_irq 9 low level)
[    0.000000] Using ACPI (MADT) for SMP configuration information
[    0.000000] smpboot: Allowing 2 CPUs, 0 hotplug CPUs
[    0.000000] PM: Registered nosave memory: [mem 0x00000000-0x00000fff]
[    0.000000] PM: Registered nosave memory: [mem 0x0009f000-0x0009ffff]
[    0.000000] PM: Registered nosave memory: [mem 0x000a0000-0x000effff]
[    0.000000] PM: Registered nosave memory: [mem 0x000f0000-0x000fffff]
[    0.000000] e820: [mem 0x40000000-0xfebfffff] available for PCI devices
[    0.000000] Booting paravirtualized kernel on KVM
[    0.000000] clocksource: refined-jiffies: mask: 0xffffffff max_cycles: 0xffffffff, max_idle_ns: 7645519600211568 ns
[    0.000000] setup_percpu: NR_CPUS:512 nr_cpumask_bits:512 nr_cpu_ids:2 nr_node_ids:1
[    0.000000] PERCPU: Embedded 33 pages/cpu @ffff88003fc00000 s95512 r8192 d31464 u1048576
[    0.000000] Built 1 zonelists in Node order, mobility grouping on.  Total pages: 257912
[    0.000000] Policy zone: DMA32
[    0.000000] Kernel command line: BOOT_IMAGE=/boot/vmlinuz-4.4.0-190-generic root=LABEL=cloudimg-rootfs ro console=tty1 console=ttyS0
[    0.000000] PID hash table entries: 4096 (order: 3, 32768 bytes)
[    0.000000] Memory: 997664K/1048120K available (8636K kernel code, 1337K rwdata, 4040K rodata, 1492K init, 1296K bss, 50456K reserved, 0K cma-reserved)
[    0.000000] SLUB: HWalign=64, Order=0-3, MinObjects=0, CPUs=2, Nodes=1
[    0.000000] Kernel/User page tables isolation: enabled
[    0.000000] Hierarchical RCU implementation.
[    0.000000] 	Build-time adjustment of leaf fanout to 64.
[    0.000000] 	RCU restricting CPUs from NR_CPUS=512 to nr_cpu_ids=2.
[    0.000000] RCU: Adjusting geometry for rcu_fanout_leaf=64, nr_cpu_ids=2
[    0.000000] NR_IRQS:33024 nr_irqs:440 16
[    0.000000] Console: colour VGA+ 80x25
[    0.000000] console [tty1] enabled
[    0.000000] console [ttyS0] enabled
[    0.000000] tsc: Detected 3092.980 MHz processor
[    0.386070] Calibrating delay loop (skipped) preset value.. 6185.96 BogoMIPS (lpj=12371920)
[    0.389939] pid_max: default: 32768 minimum: 301
[    0.392000] ACPI: Core revision 20150930
[    0.398156] ACPI: 2 ACPI AML tables successfully acquired and loaded
[    0.400866] Security Framework initialized
[    0.403120] Yama: becoming mindful.
[    0.404801] AppArmor: AppArmor initialized
[    0.406814] Dentry cache hash table entries: 131072 (order: 8, 1048576 bytes)
[    0.411784] Inode-cache hash table entries: 65536 (order: 7, 524288 bytes)
[    0.415203] Mount-cache hash table entries: 2048 (order: 2, 16384 bytes)
[    0.417863] Mountpoint-cache hash table entries: 2048 (order: 2, 16384 bytes)
[    0.421323] Initializing cgroup subsys io
[    0.423825] Initializing cgroup subsys memory
[    0.425816] Initializing cgroup subsys devices
[    0.428029] Initializing cgroup subsys freezer
[    0.430076] Initializing cgroup subsys net_cls
[    0.436968] Initializing cgroup subsys perf_event
[    0.438956] Initializing cgroup subsys net_prio
[    0.440944] Initializing cgroup subsys hugetlb
[    0.443045] Initializing cgroup subsys pids
[    0.445466] mce: CPU supports 0 MCE banks
[    0.447589] Last level iTLB entries: 4KB 512, 2MB 8, 4MB 8
[    0.449830] Last level dTLB entries: 4KB 512, 2MB 32, 4MB 32, 1GB 0
[    0.452477] Spectre V1 : Mitigation: usercopy/swapgs barriers and __user pointer sanitization
[    0.456347] Spectre V2 : Mitigation: Full generic retpoline
[    0.458674] Spectre V2 : Spectre v2 / SpectreRSB mitigation: Filling RSB on context switch
[    0.462734] Speculative Store Bypass: Vulnerable
[    0.465081] MDS: Vulnerable: Clear CPU buffers attempted, no microcode
[    0.476807] Freeing SMP alternatives memory: 36K
[    0.497504] ftrace: allocating 32339 entries in 127 pages
[    0.637560] smpboot: APIC(0) Converting physical 0 to logical package 0
[    0.640089] smpboot: Max logical packages: 1
[    0.642739] x2apic enabled
[    0.645307] Switched APIC routing to physical x2apic.
[    0.651074] ..TIMER: vector=0x30 apic1=0 pin1=2 apic2=-1 pin2=-1
[    0.761682] smpboot: CPU0: Intel(R) Core(TM) i5-2400 CPU @ 3.10GHz (family: 0x6, model: 0x2a, stepping: 0x7)
[    0.766187] Performance Events: unsupported p6 CPU model 42 no PMU driver, software events only.
[    0.786876] KVM setup paravirtual spinlock
[    0.789749] x86: Booting SMP configuration:
[    0.791722] .... node  #0, CPUs:      #1
[    0.793519] kvm-clock: cpu 1, msr 0:3ffe3041, secondary cpu clock
[    0.795054] mce: CPU supports 0 MCE banks
[    0.797977] x86: Booted up 1 node, 2 CPUs
[    0.800339] smpboot: Total of 2 processors activated (12371.92 BogoMIPS)
[    0.803591] devtmpfs: initialized
[    0.816861] evm: security.selinux
[    0.818591] evm: security.SMACK64
[    0.820166] evm: security.SMACK64EXEC
[    0.822917] evm: security.SMACK64TRANSMUTE
[    0.827047] evm: security.SMACK64MMAP
[    0.829562] evm: security.ima
[    0.831047] evm: security.capability
[    0.835344] clocksource: jiffies: mask: 0xffffffff max_cycles: 0xffffffff, max_idle_ns: 7645041785100000 ns
[    0.840940] futex hash table entries: 512 (order: 3, 32768 bytes)
[    0.844890] pinctrl core: initialized pinctrl subsystem
[    0.848209] RTC time: 15:40:57, date: 12/21/20
[    0.851962] NET: Registered protocol family 16
[    0.867304] cpuidle: using governor ladder
[    0.891682] cpuidle: using governor menu
[    0.894586] PCCT header not found.
[    0.897153] ACPI: bus type PCI registered
[    0.902138] acpiphp: ACPI Hot Plug PCI Controller Driver version: 0.5
[    0.909669] PCI: Using configuration type 1 for base access
[    0.934406] ACPI: Added _OSI(Module Device)
[    0.947121] ACPI: Added _OSI(Processor Device)
[    0.949750] ACPI: Added _OSI(3.0 _SCP Extensions)
[    0.952273] ACPI: Added _OSI(Processor Aggregator Device)
[    0.962252] ACPI: Executed 1 blocks of module-level executable AML code
[    1.003514] ACPI: Interpreter enabled
[    1.005814] ACPI: (supports S0 S5)
[    1.007837] ACPI: Using IOAPIC for interrupt routing
[    1.012716] PCI: Using host bridge windows from ACPI; if necessary, use "pci=nocrs" and report a bug
[    1.033142] ACPI: PCI Root Bridge [PCI0] (domain 0000 [bus 00-ff])
[    1.036264] acpi PNP0A03:00: _OSC: OS supports [ASPM ClockPM Segments MSI]
[    1.040598] acpi PNP0A03:00: _OSC: not requesting OS control; OS requires [ExtendedConfig ASPM ClockPM MSI]
[    1.046755] acpi PNP0A03:00: fail to add MMCONFIG information, can't access extended PCI configuration space under this bridge.
[    1.054505] PCI host bridge to bus 0000:00
[    1.056032] pci_bus 0000:00: root bus resource [io  0x0000-0x0cf7 window]
[    1.060925] pci_bus 0000:00: root bus resource [io  0x0d00-0xffff window]
[    1.063931] pci_bus 0000:00: root bus resource [mem 0x000a0000-0x000bffff window]
[    1.069469] pci_bus 0000:00: root bus resource [mem 0x40000000-0xfdffffff window]
[    1.073304] pci_bus 0000:00: root bus resource [bus 00-ff]
[    1.079526] pci 0000:00:01.1: legacy IDE quirk: reg 0x10: [io  0x01f0-0x01f7]
[    1.082323] pci 0000:00:01.1: legacy IDE quirk: reg 0x14: [io  0x03f6]
[    1.085049] pci 0000:00:01.1: legacy IDE quirk: reg 0x18: [io  0x0170-0x0177]
[    1.087697] pci 0000:00:01.1: legacy IDE quirk: reg 0x1c: [io  0x0376]
[    1.138219] pci 0000:00:07.0: quirk: [io  0x4000-0x403f] claimed by PIIX4 ACPI
[    1.141825] pci 0000:00:07.0: quirk: [io  0x4100-0x410f] claimed by PIIX4 SMB
[    1.154541] ACPI: PCI Interrupt Link [LNKA] (IRQs 5 9 10 *11)
[    1.158421] ACPI: PCI Interrupt Link [LNKB] (IRQs 5 9 *10 11)
[    1.162207] ACPI: PCI Interrupt Link [LNKC] (IRQs 5 *9 10 11)
[    1.165731] ACPI: PCI Interrupt Link [LNKD] (IRQs 5 9 10 *11)
[    1.169055] ACPI: Enabled 2 GPEs in block 00 to 07
[    1.171877] vgaarb: setting as boot device: PCI:0000:00:02.0
[    1.174338] vgaarb: device added: PCI:0000:00:02.0,decodes=io+mem,owns=io+mem,locks=none
[    1.178681] vgaarb: loaded
[    1.180365] vgaarb: bridge control possible 0000:00:02.0
[    1.183698] SCSI subsystem initialized
[    1.185854] ACPI: bus type USB registered
[    1.188717] usbcore: registered new interface driver usbfs
[    1.192394] usbcore: registered new interface driver hub
[    1.195655] usbcore: registered new device driver usb
[    1.199279] PCI: Using ACPI for IRQ routing
[    1.205529] NetLabel: Initializing
[    1.208165] NetLabel:  domain hash size = 128
[    1.212020] NetLabel:  protocols = UNLABELED CIPSOv4
[    1.215155] NetLabel:  unlabeled traffic allowed by default
[    1.219781] amd_nb: Cannot enumerate AMD northbridges
[    1.223016] clocksource: Switched to clocksource kvm-clock
[    1.242594] AppArmor: AppArmor Filesystem Enabled
[    1.244857] pnp: PnP ACPI init
[    1.248153] pnp: PnP ACPI: found 3 devices
[    1.261359] clocksource: acpi_pm: mask: 0xffffff max_cycles: 0xffffff, max_idle_ns: 2085701024 ns
[    1.265165] NET: Registered protocol family 2
[    1.267361] TCP established hash table entries: 8192 (order: 4, 65536 bytes)
[    1.270026] TCP bind hash table entries: 8192 (order: 5, 131072 bytes)
[    1.272570] TCP: Hash tables configured (established 8192 bind 8192)
[    1.275029] UDP hash table entries: 512 (order: 2, 16384 bytes)
[    1.277514] UDP-Lite hash table entries: 512 (order: 2, 16384 bytes)
[    1.280448] NET: Registered protocol family 1
[    1.282341] pci 0000:00:00.0: Limiting direct PCI/PCI transfers
[    1.284746] pci 0000:00:01.0: Activating ISA DMA hang workarounds
[    1.287528] Unpacking initramfs...
[    1.804672] Freeing initrd memory: 14880K
[    1.806756] RAPL PMU detected, API unit is 2^-32 Joules, 3 fixed counters 10737418240 ms ovfl timer
[    1.810690] hw unit of domain pp0-core 2^-0 Joules
[    1.812798] hw unit of domain package 2^-0 Joules
[    1.814779] hw unit of domain pp1-gpu 2^-0 Joules
[    1.816855] clocksource: tsc: mask: 0xffffffffffffffff max_cycles: 0x2c95601a146, max_idle_ns: 440795332094 ns
[    1.821075] platform rtc_cmos: registered platform RTC device (no PNP device found)
[    1.824947] Scanning for low memory corruption every 60 seconds
[    1.827937] audit: initializing netlink subsys (disabled)
[    1.830127] audit: type=2000 audit(1608565265.218:1): initialized
[    1.833129] Initialise system trusted keyring
[    1.835243] HugeTLB registered 2 MB page size, pre-allocated 0 pages
[    1.840987] zbud: loaded
[    1.843049] VFS: Disk quotas dquot_6.6.0
[    1.845203] VFS: Dquot-cache hash table entries: 512 (order 0, 4096 bytes)
[    1.848409] squashfs: version 4.0 (2009/01/31) Phillip Lougher
[    1.851257] fuse init (API version 7.23)
[    1.853275] Key type big_key registered
[    1.855761] Allocating IMA MOK and blacklist keyrings.
[    1.859149] Key type asymmetric registered
[    1.861067] Asymmetric key parser 'x509' registered
[    1.863179] Block layer SCSI generic (bsg) driver version 0.4 loaded (major 249)
[    1.866854] io scheduler noop registered
[    1.868687] io scheduler deadline registered (default)
[    1.870899] io scheduler cfq registered
[    1.872910] pci_hotplug: PCI Hot Plug PCI Core version: 0.5
[    1.879858] pciehp: PCI Express Hot Plug Controller Driver version: 0.4
[    1.883238] ACPI: AC Adapter [AC] (on-line)
[    1.886228] input: Power Button as /devices/LNXSYSTM:00/LNXPWRBN:00/input/input0
[    1.890419] ACPI: Power Button [PWRF]
[    1.893056] input: Sleep Button as /devices/LNXSYSTM:00/LNXSLPBN:00/input/input1
[    1.897308] ACPI: Sleep Button [SLPF]
[    1.899602] GHES: HEST is not enabled!
[    1.901523] Serial: 8250/16550 driver, 32 ports, IRQ sharing enabled
[    1.925280] 00:02: ttyS0 at I/O 0x3f8 (irq = 4, base_baud = 115200) is a 16550A
[    1.931576] Linux agpgart interface v0.103
[    1.935627] loop: module loaded
[    1.938355] scsi host0: ata_piix
[    1.940153] scsi host1: ata_piix
[    1.941836] ata1: PATA max UDMA/33 cmd 0x1f0 ctl 0x3f6 bmdma 0xd000 irq 14
[    1.944594] ata2: PATA max UDMA/33 cmd 0x170 ctl 0x376 bmdma 0xd008 irq 15
[    1.947691] libphy: Fixed MDIO Bus: probed
[    1.949601] tun: Universal TUN/TAP device driver, 1.6
[    1.951679] tun: (C) 1999-2004 Max Krasnyansky <maxk@qualcomm.com>
[    1.954283] PPP generic driver version 2.4.2
[    1.956275] ehci_hcd: USB 2.0 'Enhanced' Host Controller (EHCI) Driver
[    1.959280] ehci-pci: EHCI PCI platform driver
[    1.961377] ehci-platform: EHCI generic platform driver
[    1.963683] ohci_hcd: USB 1.1 'Open' Host Controller (OHCI) Driver
[    1.966230] ohci-pci: OHCI PCI platform driver
[    1.968431] ohci-platform: OHCI generic platform driver
[    1.970708] uhci_hcd: USB Universal Host Controller Interface driver
[    1.973494] i8042: PNP: PS/2 Controller [PNP0303:PS2K,PNP0f03:PS2M] at 0x60,0x64 irq 1,12
[    1.977921] serio: i8042 KBD port at 0x60,0x64 irq 1
[    1.979968] serio: i8042 AUX port at 0x60,0x64 irq 12
[    1.982314] mousedev: PS/2 mouse device common for all mice
[    1.985474] input: AT Translated Set 2 keyboard as /devices/platform/i8042/serio0/input/input2
[    1.989387] rtc_cmos rtc_cmos: rtc core: registered rtc_cmos as rtc0
[    1.992029] rtc_cmos rtc_cmos: alarms up to one day, 114 bytes nvram
[    1.994456] i2c /dev entries driver
[    1.996262] device-mapper: uevent: version 1.0.3
[    1.998702] device-mapper: ioctl: 4.34.0-ioctl (2015-10-28) initialised: dm-devel@redhat.com
[    2.002411] ledtrig-cpu: registered to indicate activity on CPUs
[    2.005614] NET: Registered protocol family 10
[    2.007977] NET: Registered protocol family 17
[    2.009889] Key type dns_resolver registered
[    2.012629] registered taskstats version 1
[    2.014475] Loading compiled-in X.509 certificates
[    2.017563] Loaded X.509 cert 'Build time autogenerated kernel key: b89e9ea735e1dbde81c7786f041ecf1d53e71c2e'
[    2.021660] zswap: loaded using pool lzo/zbud
[    2.027295] Key type trusted registered
[    2.036777] Key type encrypted registered
[    2.038703] AppArmor: AppArmor sha1 policy hashing enabled
[    2.041151] ima: No TPM chip found, activating TPM-bypass!
[    2.043345] ima: Allocated hash algorithm: sha1
[    2.045385] evm: HMAC attrs: 0x1
[    2.047448]   Magic number: 0:340:690
[    2.049255] mem mem: hash matches
[    2.052314] rtc_cmos rtc_cmos: setting system clock to 2020-12-21 15:40:59 UTC (1608565259)
[    2.070534] BIOS EDD facility v0.16 2004-Jun-25, 0 devices found
[    2.073872] EDD information not available.
[    2.175038] Freeing unused kernel memory: 1492K
[    2.178864] Write protecting the kernel read-only data: 14336k
[    2.184380] Freeing unused kernel memory: 1592K
[    2.190668] Freeing unused kernel memory: 56K
Loading, please wait...
starting version 229
[    2.216278] random: systemd-udevd: uninitialized urandom read (16 bytes read, 3 bits of entropy available)
[    2.220452] random: systemd-udevd: uninitialized urandom read (16 bytes read, 3 bits of entropy available)
[    2.222781] random: udevadm: uninitialized urandom read (16 bytes read, 3 bits of entropy available)
[    2.222817] random: udevadm: uninitialized urandom read (16 bytes read, 3 bits of entropy available)
[    2.246505] random: udevadm: uninitialized urandom read (16 bytes read, 3 bits of entropy available)
[    2.246594] random: udevadm: uninitialized urandom read (16 bytes read, 3 bits of entropy available)
[    2.246941] random: udevadm: uninitialized urandom read (16 bytes read, 3 bits of entropy available)
[    2.247070] random: udevadm: uninitialized urandom read (16 bytes read, 3 bits of entropy available)
[    2.247241] random: udevadm: uninitialized urandom read (16 bytes read, 3 bits of entropy available)
[    2.247367] random: udevadm: uninitialized urandom read (16 bytes read, 3 bits of entropy available)
[    2.341150] e1000: Intel(R) PRO/1000 Network Driver - version 7.3.21-k8-NAPI
[    2.349665] e1000: Copyright (c) 1999-2006 Intel Corporation.
[    2.361203] Fusion MPT base driver 3.04.20
[    2.363380] Copyright (c) 1999-2008 LSI Corporation
[    2.394831] Fusion MPT SPI Host driver 3.04.20
[    2.422226] AVX version of gcm_enc/dec engaged.
[    2.429219] AES CTR mode by8 optimization enabled
[    2.603776] input: ImExPS/2 Generic Explorer Mouse as /devices/platform/i8042/serio1/input/input4
[    2.858782] e1000 0000:00:03.0 eth0: (PCI:33MHz:32-bit) 02:83:3c:85:18:ff
[    2.861958] e1000 0000:00:03.0 eth0: Intel(R) PRO/1000 Network Connection
[    2.866767] mptbase: ioc0: Initiating bringup
[    2.870154] e1000 0000:00:03.0 enp0s3: renamed from eth0
[    2.932351] ioc0: LSI53C1030 A0: Capabilities={Initiator}
[    3.098669] scsi host2: ioc0: LSI53C1030 A0, FwRev=00000000h, Ports=1, MaxQ=256, IRQ=20
[    3.211567] scsi 2:0:0:0: Direct-Access     VBOX     HARDDISK         1.0  PQ: 0 ANSI: 5
[    3.215299] scsi target2:0:0: Beginning Domain Validation
[    3.220198] scsi target2:0:0: Domain Validation skipping write tests
[    3.222613] scsi target2:0:0: Ending Domain Validation
[    3.224960] scsi target2:0:0: asynchronous
[    3.227784] scsi 2:0:1:0: Direct-Access     VBOX     HARDDISK         1.0  PQ: 0 ANSI: 5
[    3.260041] scsi target2:0:1: Beginning Domain Validation
[    3.264397] scsi target2:0:1: Domain Validation skipping write tests
[    3.266862] scsi target2:0:1: Ending Domain Validation
[    3.269223] scsi target2:0:1: asynchronous
[    3.279229] sd 2:0:0:0: [sda] 20971520 512-byte logical blocks: (10.7 GB/10.0 GiB)
[    3.279342] sd 2:0:0:0: Attached scsi generic sg0 type 0
[    3.280336] sd 2:0:1:0: Attached scsi generic sg1 type 0
[    3.287278] sd 2:0:1:0: [sdb] 20480 512-byte logical blocks: (10.5 MB/10.0 MiB)
[    3.287511] sd 2:0:0:0: [sda] Write Protect is off
[    3.287726] sd 2:0:0:0: [sda] Incomplete mode parameter data
[    3.287730] sd 2:0:0:0: [sda] Assuming drive cache: write through
[    3.298359] sd 2:0:1:0: [sdb] Write Protect is off
[    3.298864]  sda: sda1
[    3.302466] sd 2:0:1:0: [sdb] Incomplete mode parameter data
[    3.302749] sd 2:0:0:0: [sda] Attached SCSI disk
[    3.306954] sd 2:0:1:0: [sdb] Assuming drive cache: write through
[    3.314586] sd 2:0:1:0: [sdb] Attached SCSI disk
Begin: Loading essential drivers ... [    5.278718] md: linear personality registered for level -1
[    5.285119] md: multipath personality registered for level -4
[    5.291073] md: raid0 personality registered for level 0
[    5.299866] md: raid1 personality registered for level 1
[    5.375476] raid6: sse2x1   gen()  2487 MB/s
[    5.443034] raid6: sse2x1   xor()  1729 MB/s
[    5.511189] raid6: sse2x2   gen()  4417 MB/s
[    5.579529] raid6: sse2x2   xor()  3021 MB/s
[    5.647805] raid6: sse2x4   gen()  7219 MB/s
[    5.715203] raid6: sse2x4   xor()  4032 MB/s
[    5.717162] raid6: using algorithm sse2x4 gen() 7219 MB/s
[    5.719471] raid6: .... xor() 4032 MB/s, rmw enabled
[    5.721643] raid6: using ssse3x2 recovery algorithm
[    5.725769] xor: automatically using best checksumming function:
[    5.767437]    avx       : 16542.000 MB/sec
[    5.771262] async_tx: api initialized (async)
[    5.789220] md: raid6 personality registered for level 6
[    5.791550] md: raid5 personality registered for level 5
[    5.793714] md: raid4 personality registered for level 4
[    5.807912] md: raid10 personality registered for level 10
done.
Begin: Running /scripts/init-premount ... done.
Begin: Mounting root file system ... Begin: Running /scripts/local-top ... done.
Begin: Running /scripts/local-premount ... [    5.870255] Btrfs loaded
Scanning for Btrfs filesystems
done.
Warning: fsck not present, so skipping root file system
[    5.920568] EXT4-fs (sda1): mounted filesystem with ordered data mode. Opts: (null)
done.
Begin: Running /scripts/local-bottom ... done.
Begin: Running /scripts/init-bottom ... done.
[    6.131413] systemd[1]: systemd 229 running in system mode. (+PAM +AUDIT +SELINUX +IMA +APPARMOR +SMACK +SYSVINIT +UTMP +LIBCRYPTSETUP +GCRYPT +GNUTLS +ACL +XZ -LZ4 +SECCOMP +BLKID +ELFUTILS +KMOD -IDN)
[    6.138579] systemd[1]: Detected virtualization oracle.
[    6.140833] systemd[1]: Detected architecture x86-64.

Welcome to [1mUbuntu 16.04.7 LTS[0m!

[    6.150024] systemd[1]: Set hostname to <ubuntu-xenial>.
[    6.441234] systemd[1]: Listening on Device-mapper event daemon FIFOs.
[[0;32m  OK  [0m] Listening on Device-mapper event daemon FIFOs.
[    6.445705] systemd[1]: Listening on udev Kernel Socket.
[[0;32m  OK  [0m] Listening on udev Kernel Socket.
[    6.449383] systemd[1]: Listening on Syslog Socket.
[[0;32m  OK  [0m] Listening on Syslog Socket.
[    6.452840] systemd[1]: Listening on Journal Socket.
[[0;32m  OK  [0m] Listening on Journal Socket.
[    6.456868] systemd[1]: Created slice User and Session Slice.
[[0;32m  OK  [0m] Created slice User and Session Slice.
[    6.460745] systemd[1]: Reached target User and Group Name Lookups.
[[0;32m  OK  [0m] Reached target User and Group Name Lookups.
[    6.464893] systemd[1]: Listening on udev Control Socket.
[[0;32m  OK  [0m] Listening on udev Control Socket.
[    6.468951] systemd[1]: Created slice System Slice.
[[0;32m  OK  [0m] Created slice System Slice.
[    6.483854] systemd[1]: Mounting Huge Pages File System...
         Mounting Huge Pages File System...
[    6.488926] systemd[1]: Starting Create list of required static device nodes for the current kernel...
         Starting Create list of required st... nodes for the current kernel...
[    6.496915] systemd[1]: Mounting Debug File System...
         Mounting Debug File System...
[    6.501764] systemd[1]: Started Trigger resolvconf update for networkd DNS.
[[0;32m  OK  [0m] Started Trigger resolvconf update for networkd DNS.
[    6.506571] systemd[1]: Reached target Slices.
[[0;32m  OK  [0m] Reached target Slices.
[    6.520077] systemd[1]: Mounting POSIX Message Queue File System...
         Mounting POSIX Message Queue File System...
[    6.532137] systemd[1]: Started Forward Password Requests to Wall Directory Watch.
[[0;32m  OK  [0m] Started Forward Password Requests to Wall Directory Watch.
[    6.538744] systemd[1]: Starting Uncomplicated firewall...
         Starting Uncomplicated firewall...
[    6.543794] systemd[1]: Starting Remount Root and Kernel File Systems...
         Starting Remount Root and Kernel File Systems...
[    6.549332] systemd[1]: Starting Set console keymap...
         Starting Set console keymap...
[    6.555922] EXT4-fs (sda1): re-mounted. Opts: (null)
[    6.556511] systemd[1]: Starting Load Kernel Modules...
         Starting Load Kernel Modules...
[    6.568746] systemd[1]: Reached target System Time Synchronized.
[[0;32m  OK  [0m] Reached target System Time Synchronized.
[    6.573647] systemd[1]: Created slice system-serial\x2dgetty.slice.
[[0;32m  OK  [0m] Created slice system-serial\x2dgetty.slice.
[    6.578021] systemd[1]: Listening on LVM2 poll daemon socket.
[[0;32m  OK  [0m] Listening on LVM2 poll daemon socket.
[    6.581969] systemd[1]: Listening on LVM2 metadata daemon socket.
[[0;32m  OK  [0m] Listening on LVM2 metadata daemon socket.
[    6.591145] Loading iSCSI transport class v2.0-870.
[    6.603116] iscsi: registered transport (tcp)
[    6.607324] systemd[1]: Starting Monitoring of LVM2 mirrors, snapshots etc. using dmeventd or progress polling...
         Starting Monitoring of LVM2 mirrors... dmeventd or progress polling...
[    6.616182] systemd[1]: Listening on /dev/initctl Compatibility Named Pipe.
[[0;32m  OK  [0m] Listening on /dev/initctl Compatibility Named Pipe.
[    6.628623] systemd[1]: Listening on Journal Audit Socket.
[[0;32m  OK  [0m] Listening on Journal Audit Socket.
[    6.632761] systemd[1]: Listening on Journal Socket (/dev/log).
[[0;32m  OK  [0m] Listening on Journal Socket (/dev/log).
[    6.652165] systemd[1]: Starting Journal Service...
         Starting Journal Service...
[    6.659678] systemd[1]: Starting Nameserver information manager...
         Starting Nameserver information manager...
[    6.680030] systemd[1]: Set up automount Arbitrary Executable File Formats File System Automount Point.
[[0;32m  OK  [[    6.688195] iscsi: registered transport (iser)
0m] Set up automount Arbitrary Executab...ats File System Automount Point.
[    6.692016] systemd[1]: Reached target Encrypted Volumes.
[[0;32m  OK  [0m] Reached target Encrypted Volumes.
[    6.699565] systemd[1]: Reached target Swap.
[[0;32m  OK  [0m] Reached target Swap.
[    6.721071] systemd[1]: Mounted Debug File System.
[[0;32m  OK  [0m] Mounted Debug File System.
[    6.724400] systemd[1]: Mounted Huge Pages File System.
[[0;32m  OK  [0m] Mounted Huge Pages File System.
[    6.727811] systemd[1]: Mounted POSIX Message Queue File System.
[[0;32m  OK  [0m] Mounted POSIX Message Queue File System.
[    6.731676] systemd[1]: Started Journal Service.
[[0;32m  OK  [0m] Started Journal Service.
[[0;32m  OK  [0m] Started Create list of required sta...ce nodes for the current kernel.
[[0;32m  OK  [0m] Started Uncomplicated firewall.
[[0;32m  OK  [0m] Started Remount Root and Kernel File Systems.
[[0;32m  OK  [0m] Started Load Kernel Modules.
[[0;32m  OK  [0m] Started LVM2 metadata daemon.
         Starting Apply Kernel Variables...
         Mounting FUSE Control File System...
         Starting Load/Save Random Seed...
         Starting udev Coldplug all Devices...
         Starting Create Static Device Nodes in /dev...
         Starting Flush Journal to Persistent Storage...
[[0;32m  OK  [0m] Mounted FUSE Control File System.
[[0;32m  OK  [0m] Started Set console keymap.
[[0;32m  OK  [0m] Started Nameserver information manager.
[[0;32m  OK  [0m] Started Load/Save Random Seed.
[[0;32m  OK  [0m] Started Apply Kernel Variables.
[[0;32m  OK  [0m] Started Flush Journal to Persistent Storage.
[[0;32m  OK  [0m] Started Create Static Device Nodes in /dev.
         Starting udev Kernel Device Manager...
[[0;32m  OK  [0m] Started udev Kernel Device Manager.
[[0;32m  OK  [0m] Started udev Coldplug all Devices.
[[0;32m  OK  [0m] Started Dispatch Password Requests to Console Directory Watch.
[[0;32m  OK  [0m] Found device /dev/ttyS0.
[[0;32m  OK  [0m] Listening on Load/Save RF Kill Switch Status /dev/rfkill Watch.
[[0;32m  OK  [0m] Found device 82540EM Gigabit Ethern...r (PRO/1000 MT Desktop Adapter).
[[0;32m  OK  [0m] Started Monitoring of LVM2 mirrors,...ng dmeventd or progress polling.
[[0;32m  OK  [0m] Reached target Local File Systems (Pre).
         Mounting /var/www...
         Mounting /vagrant...
[[0;32m  OK  [0m] Reached target Local File Systems.
         Starting Set console font and keymap...
         Starting Tell Plymouth To Write Out Runtime Data...
         Starting LSB: AppArmor initialization...
         Starting Create Volatile Files and Directories...
         Starting Initial cloud-init job (pre-networking)...
[[0;1;31mFAILED[0m] Failed to mount /var/www.
See 'systemctl status var-www.mount' for details.
[[0;1;31mFAILED[0m] Failed to mount /vagrant.
See 'systemctl status vagrant.mount' for details.
[[0;32m  OK  [0m] Started Tell Plymouth To Write Out Runtime Data.
[[0;32m  OK  [0m] Started Create Volatile Files and Directories.
         Starting Update UTMP about System Boot/Shutdown...
[[0;32m  OK  [0m] Started Update UTMP about System Boot/Shutdown.
[[0;32m  OK  [0m] Started Set console font and keymap.
[[0;32m  OK  [0m] Created slice system-getty.slice.
[[0;32m  OK  [0m] Started LSB: AppArmor initialization.
         Starting Load AppArmor profiles managed internally by snapd...
[[0;32m  OK  [0m] Started Load AppArmor profiles managed internally by snapd.
[   10.314245] cloud-init[669]: Cloud-init v. 20.3-2-g371b392c-0ubuntu1~16.04.1 running 'init-local' at Mon, 21 Dec 2020 15:41:07 +0000. Up 9.80 seconds.
[[0;32m  OK  [0m] Started Initial cloud-init job (pre-networking).
[[0;32m  OK  [0m] Reached target Network (Pre).
         Starting Raise network interfaces...
[[0;32m  OK  [0m] Started ifup for enp0s3.
[[0;32m  OK  [0m] Started Raise network interfaces.
         Starting Initial cloud-init job (metadata service crawler)...
[[0;32m  OK  [0m] Reached target Network.
[   11.892226] cloud-init[995]: Cloud-init v. 20.3-2-g371b392c-0ubuntu1~16.04.1 running 'init' at Mon, 21 Dec 2020 15:41:09 +0000. Up 11.32 seconds.
[   11.895247] cloud-init[995]: ci-info: ++++++++++++++++++++++++++++++++++++++Net device info++++++++++++++++++++++++++++++++++++++
[   11.904953] cloud-init[995]: ci-info: +--------+------+----------------------------+---------------+--------+-------------------+
[   11.907788] cloud-init[995]: ci-info: | Device |  Up  |          Address           |      Mask     | Scope  |     Hw-Address    |
[   11.910317] cloud-init[995]: ci-info: +--------+------+----------------------------+---------------+--------+-------------------+
[   11.912968] cloud-init[995]: ci-info: | enp0s3 | True |         10.0.2.15          | 255.255.255.0 | global | 02:83:3c:85:18:ff |
[   11.921572] cloud-init[995]: ci-info: | enp0s3 | True | fe80::83:3cff:fe85:18ff/64 |       .       |  link  | 02:83:3c:85:18:ff |
[   11.929370] cloud-init[995]: ci-info: |   lo   | True |         127.0.0.1          |   255.0.0.0   |  host  |         .         |
[   11.932269] cloud-init[995]: ci-info: |   lo   | True |          ::1/128           |       .       |  host  |         .         |
[   11.935411] cloud-init[995]: ci-info: +--------+------+----------------------------+---------------+--------+-------------------+
[   11.938326] cloud-init[995]: ci-info: +++++++++++++++++++++++++++Route IPv4 info++++++++++++++++++++++++++++
[   11.940923] cloud-init[995]: ci-info: +-------+-------------+----------+---------------+-----------+-------+
[   11.943618] cloud-init[995]: ci-info: | Route | Destination | Gateway  |    Genmask    | Interface | Flags |
[   11.952806] cloud-init[995]: ci-info: +-------+-------------+----------+---------------+-----------+-------+
[   11.961570] cloud-init[995]: ci-info: |   0   |   0.0.0.0   | 10.0.2.2 |    0.0.0.0    |   enp0s3  |   UG  |
[   11.964165] cloud-init[995]: ci-info: |   1   |   10.0.2.0  | 0.0.0.0  | 255.255.255.0 |   enp0s3  |   U   |
[   11.966854] cloud-init[995]: ci-info: +-------+-------------+----------+---------------+-----------+-------+
[   11.977215] cloud-init[995]: ci-info: +++++++++++++++++++Route IPv6 info+++++++++++++++++++
[   11.980105] cloud-init[995]: ci-info: +-------+-------------+---------+-----------+-------+
[   11.982842] cloud-init[995]: ci-info: | Route | Destination | Gateway | Interface | Flags |
[   11.985595] cloud-init[995]: ci-info: +-------+-------------+---------+-----------+-------+
[   11.987705] cloud-init[995]: ci-info: |   0   |  fe80::/64  |    ::   |   enp0s3  |   U   |
[   11.990048] cloud-init[995]: ci-info: |   3   |   ff00::/8  |    ::   |   enp0s3  |   U   |
[   11.992409] cloud-init[995]: ci-info: +-------+-------------+---------+-----------+-------+
[[0;32m  OK  [0m] Started Initial cloud-init job (metadata service crawler).
[[0;32m  OK  [0m] Reached target Cloud-config availability.
[[0;32m  OK  [0m] Reached target System Initialization.
         Starting LXD - unix socket.
[[0;32m  OK  [0m] Started Daily Cleanup of Temporary Directories.
[[0;32m  OK  [0m] Started Message of the Day.
[[0;32m  OK  [0m] Started ACPI Events Check.
[[0;32m  OK  [0m] Reached target Paths.
[[0;32m  OK  [0m] Listening on ACPID Listen Socket.
[[0;32m  OK  [0m] Listening on UUID daemon activation socket.
[[0;32m  OK  [0m] Started Daily apt download activities.
[[0;32m  OK  [0m] Listening on D-Bus System Message Bus Socket.
         Starting Socket activation for snappy daemon.
[[0;32m  OK  [0m] Started Daily apt upgrade and clean activities.
[[0;32m  OK  [0m] Reached target Timers.
[[0;32m  OK  [0m] Reached target Network is Online.
         Starting iSCSI initiator daemon (iscsid)...
[[0;32m  OK  [0m] Listening on LXD - unix socket.
[[0;32m  OK  [0m] Listening on Socket activation for snappy daemon.
[[0;32m  OK  [0m] Reached target Sockets.
[[0;32m  OK  [0m] Reached target Basic System.
         Starting LSB: MD monitoring daemon...
[[0;32m  OK  [0m] Started FUSE filesystem for LXC.
[[0;32m  OK  [0m] Started D-Bus System Message Bus.
         Starting LSB: Record successful boot for GRUB...
[[0;32m  OK  [0m] Started ACPI event daemon.
[[0;32m  OK  [0m] Started Regular background program processing daemon.
         Starting Login Service...
         Starting OpenBSD Secure Shell server...
         Starting Snap Daemon...
         Starting /etc/rc.local Compatibility...
         Starting LXD - container startup/shutdown...
         Starting Accounts Service...
         Starting System Logging Service...
         Starting Virtualbox guest utils...
[[0;32m  OK  [0m] Started Deferred execution scheduler.
[[0;32m  OK  [0m] Started /etc/rc.local Compatibility.
[[0;32m  OK  [0m] Started Login Service.
[[0;32m  OK  [0m] Started Unattended Upgrades Shutdown.
[[0;32m  OK  [0m] Started iSCSI initiator daemon (iscsid).
         Starting Login to default iSCSI targets...
[[0;32m  OK  [0m] Started LSB: Record successful boot for GRUB.
[[0;32m  OK  [0m] Started LSB: MD monitoring daemon.
[[0;32m  OK  [0m] Started Login to default iSCSI targets.
[[0;32m  OK  [0m] Reached target Remote File Systems (Pre).
[[0;32m  OK  [0m] Reached target Remote File Systems.
         Starting LSB: Set the CPU Frequency Scaling governor to "ondemand"...
         Starting LSB: Apache2 web server...
         Starting LSB: daemon to balance interrupts for SMP systems...
         Starting LSB: automatic crash report generation...
         Starting Permit User Sessions...
[[0;32m  OK  [0m] Started System Logging Service.
[[0;32m  OK  [0m] Started Permit User Sessions.
         Starting Hold until boot process finishes up...
         Starting Terminate Plymouth Boot Screen...
[[0;32m  OK  [0m] Started Hold until boot process finishes up.
[[0;32m  OK  [0m] Started Getty on tty1.
         Starting Set console scheme...
[[0;32m  OK  [0m] Started Serial Getty on ttyS0.
[[0;32m  OK  [0m] Reached target Login Prompts.
[[0;32m  OK  [0m] Started Terminate Plymouth Boot Screen.
[[0;32m  OK  [0m] Started Set console scheme.
[[0;32m  OK  [0m] Started OpenBSD Secure Shell server.
[[0;32m  OK  [0m] Started LSB: Set the CPU Frequency Scaling governor to "ondemand".
         Starting Authenticate and Authorize Users to Run Privileged Tasks...
[[0;32m  OK  [0m] Started LSB: automatic crash report generation.
[[0;32m  OK  [0m] Started LSB: daemon to balance interrupts for SMP systems.
[[0;32m  OK  [0m] Started Authenticate and Authorize Users to Run Privileged Tasks.
[[0;32m  OK  [0m] Started Accounts Service.
[[0;32m  OK  [0m] Started Virtualbox guest utils.
[[0;32m  OK  [0m] Started LXD - container startup/shutdown.
[[0;32m  OK  [0m] Started Snap Daemon.
         Starting Wait until snapd is fully seeded...
[[0;32m  OK  [0m] Started Wait until snapd is fully seeded.
         Starting Apply the settings specified in cloud-config...
[   13.924932] cloud-init[1290]: Cloud-init v. 20.3-2-g371b392c-0ubuntu1~16.04.1 running 'modules:config' at Mon, 21 Dec 2020 15:41:11 +0000. Up 13.71 seconds.
[[0;32m  OK  [0m] Started Apply the settings specified in cloud-config.
[[0;32m  OK  [0m] Started LSB: Apache2 web server.
[[0;32m  OK  [0m] Reached target Multi-User System.
[[0;32m  OK  [0m] Reached target Graphical Interface.
         Starting Execute cloud user/final scripts...
         Starting Update UTMP about System Runlevel Changes...
[[0;32m  OK  [0m] Started Update UTMP about System Runlevel Changes.
[   15.002050] cloud-init[1360]: Cloud-init v. 20.3-2-g371b392c-0ubuntu1~16.04.1 running 'modules:final' at Mon, 21 Dec 2020 15:41:12 +0000. Up 14.76 seconds.
[   15.006264] cloud-init[1360]: Cloud-init v. 20.3-2-g371b392c-0ubuntu1~16.04.1 finished at Mon, 21 Dec 2020 15:41:12 +0000. Datasource DataSourceNoCloud [seed=/dev/sdb][dsmode=net].  Up 14.98 seconds
[[0;32m  OK  [0m] Started Execute cloud user/final scripts.
[[0;32m  OK  [0m] Reached target Cloud-init target.

Ubuntu 16.04.7 LTS ubuntu-xenial ttyS0

ubuntu-xenial login: 